<?xml version="1.0" encoding="UTF-8"?>
<coverage generated="1681931817997" clover="3.2.0">
  <project timestamp="1681931817997" name="All files">
    <metrics statements="48" coveredstatements="46" conditionals="9" coveredconditionals="8" methods="5" coveredmethods="5" elements="62" coveredelements="59" complexity="0" loc="48" ncloc="48" packages="1" files="1" classes="1"/>
    <file name="kramar-method.js" path="/Users/ren3846/Desktop/ITHILEL/hillel-pro-homework/lab35-unitest-kramer/kramar-method.js">
      <metrics statements="48" coveredstatements="46" conditionals="9" coveredconditionals="8" methods="5" coveredmethods="5"/>
      <line num="4" count="1" type="stmt"/>
      <line num="6" count="1" type="stmt"/>
      <line num="7" count="18" type="stmt"/>
      <line num="8" count="18" type="stmt"/>
      <line num="9" count="18" type="stmt"/>
      <line num="11" count="18" type="stmt"/>
      <line num="15" count="18" type="stmt"/>
      <line num="18" count="1" type="stmt"/>
      <line num="19" count="9" type="stmt"/>
      <line num="20" count="9" type="stmt"/>
      <line num="22" count="9" type="stmt"/>
      <line num="23" count="9" type="stmt"/>
      <line num="25" count="9" type="stmt"/>
      <line num="26" count="9" type="stmt"/>
      <line num="28" count="9" type="stmt"/>
      <line num="29" count="9" type="stmt"/>
      <line num="31" count="9" type="stmt"/>
      <line num="34" count="1" type="cond" truecount="1" falsecount="0"/>
      <line num="35" count="18" type="stmt"/>
      <line num="36" count="18" type="stmt"/>
      <line num="37" count="54" type="stmt"/>
      <line num="38" count="54" type="stmt"/>
      <line num="40" count="18" type="stmt"/>
      <line num="43" count="1" type="stmt"/>
      <line num="44" count="4" type="cond" truecount="1" falsecount="1"/>
      <line num="45" count="0" type="stmt"/>
      <line num="46" count="0" type="stmt"/>
      <line num="49" count="10" type="cond" truecount="2" falsecount="0"/>
      <line num="50" count="1" type="stmt"/>
      <line num="51" count="1" type="stmt"/>
      <line num="54" count="3" type="stmt"/>
      <line num="61" count="3" type="stmt"/>
      <line num="63" count="3" type="stmt"/>
      <line num="64" count="9" type="stmt"/>
      <line num="65" count="9" type="cond" truecount="4" falsecount="0"/>
      <line num="66" count="1" type="stmt"/>
      <line num="70" count="8" type="stmt"/>
      <line num="73" count="2" type="stmt"/>
      <line num="74" count="2" type="stmt"/>
      <line num="75" count="2" type="stmt"/>
      <line num="77" count="2" type="stmt"/>
      <line num="78" count="2" type="stmt"/>
      <line num="79" count="2" type="stmt"/>
      <line num="80" count="2" type="stmt"/>
      <line num="81" count="2" type="stmt"/>
      <line num="83" count="2" type="stmt"/>
      <line num="86" count="1" type="stmt"/>
      <line num="92" count="1" type="stmt"/>
    </file>
  </project>
</coverage>
