{"/Users/ren3846/Desktop/ITHILEL/hillel-pro-homework/lab35-unitest-kramer/kramar-method.js": {"path":"/Users/ren3846/Desktop/ITHILEL/hillel-pro-homework/lab35-unitest-kramer/kramar-method.js","statementMap":{"0":{"start":{"line":4,"column":20},"end":{"line":4,"column":21}},"1":{"start":{"line":6,"column":32},"end":{"line":16,"column":1}},"2":{"start":{"line":7,"column":19},"end":{"line":7,"column":61}},"3":{"start":{"line":8,"column":20},"end":{"line":8,"column":62}},"4":{"start":{"line":9,"column":20},"end":{"line":9,"column":62}},"5":{"start":{"line":11,"column":2},"end":{"line":13,"column":4}},"6":{"start":{"line":15,"column":2},"end":{"line":15,"column":42}},"7":{"start":{"line":18,"column":23},"end":{"line":32,"column":1}},"8":{"start":{"line":19,"column":2},"end":{"line":19,"column":56}},"9":{"start":{"line":20,"column":2},"end":{"line":20,"column":24}},"10":{"start":{"line":22,"column":15},"end":{"line":22,"column":46}},"11":{"start":{"line":23,"column":2},"end":{"line":23,"column":19}},"12":{"start":{"line":25,"column":18},"end":{"line":25,"column":67}},"13":{"start":{"line":26,"column":22},"end":{"line":26,"column":36}},"14":{"start":{"line":28,"column":2},"end":{"line":28,"column":32}},"15":{"start":{"line":29,"column":2},"end":{"line":29,"column":21}},"16":{"start":{"line":31,"column":2},"end":{"line":31,"column":21}},"17":{"start":{"line":34,"column":19},"end":{"line":41,"column":1}},"18":{"start":{"line":35,"column":20},"end":{"line":35,"column":68}},"19":{"start":{"line":36,"column":2},"end":{"line":39,"column":3}},"20":{"start":{"line":36,"column":15},"end":{"line":36,"column":16}},"21":{"start":{"line":37,"column":4},"end":{"line":37,"column":55}},"22":{"start":{"line":38,"column":4},"end":{"line":38,"column":55}},"23":{"start":{"line":40,"column":2},"end":{"line":40,"column":19}},"24":{"start":{"line":43,"column":28},"end":{"line":84,"column":1}},"25":{"start":{"line":44,"column":2},"end":{"line":47,"column":3}},"26":{"start":{"line":45,"column":4},"end":{"line":45,"column":58}},"27":{"start":{"line":46,"column":4},"end":{"line":46,"column":11}},"28":{"start":{"line":49,"column":2},"end":{"line":52,"column":3}},"29":{"start":{"line":49,"column":29},"end":{"line":49,"column":59}},"30":{"start":{"line":50,"column":4},"end":{"line":50,"column":88}},"31":{"start":{"line":51,"column":4},"end":{"line":51,"column":11}},"32":{"start":{"line":54,"column":22},"end":{"line":59,"column":3}},"33":{"start":{"line":61,"column":23},"end":{"line":61,"column":25}},"34":{"start":{"line":63,"column":2},"end":{"line":72,"column":3}},"35":{"start":{"line":64,"column":24},"end":{"line":64,"column":56}},"36":{"start":{"line":65,"column":4},"end":{"line":71,"column":5}},"37":{"start":{"line":66,"column":6},"end":{"line":68,"column":8}},"38":{"start":{"line":70,"column":6},"end":{"line":70,"column":38}},"39":{"start":{"line":73,"column":13},"end":{"line":73,"column":48}},"40":{"start":{"line":74,"column":13},"end":{"line":74,"column":48}},"41":{"start":{"line":75,"column":13},"end":{"line":75,"column":48}},"42":{"start":{"line":77,"column":2},"end":{"line":77,"column":26}},"43":{"start":{"line":78,"column":2},"end":{"line":78,"column":73}},"44":{"start":{"line":79,"column":2},"end":{"line":79,"column":72}},"45":{"start":{"line":80,"column":2},"end":{"line":80,"column":72}},"46":{"start":{"line":81,"column":2},"end":{"line":81,"column":21}},"47":{"start":{"line":83,"column":2},"end":{"line":83,"column":24}},"48":{"start":{"line":86,"column":15},"end":{"line":90,"column":1}},"49":{"start":{"line":92,"column":0},"end":{"line":92,"column":21}}},"fnMap":{"0":{"name":"(anonymous_0)","decl":{"start":{"line":6,"column":32},"end":{"line":6,"column":33}},"loc":{"start":{"line":6,"column":44},"end":{"line":16,"column":1}},"line":6},"1":{"name":"(anonymous_1)","decl":{"start":{"line":18,"column":23},"end":{"line":18,"column":24}},"loc":{"start":{"line":18,"column":35},"end":{"line":32,"column":1}},"line":18},"2":{"name":"(anonymous_2)","decl":{"start":{"line":34,"column":19},"end":{"line":34,"column":20}},"loc":{"start":{"line":34,"column":61},"end":{"line":41,"column":1}},"line":34},"3":{"name":"(anonymous_3)","decl":{"start":{"line":43,"column":28},"end":{"line":43,"column":29}},"loc":{"start":{"line":43,"column":40},"end":{"line":84,"column":1}},"line":43},"4":{"name":"(anonymous_4)","decl":{"start":{"line":49,"column":20},"end":{"line":49,"column":21}},"loc":{"start":{"line":49,"column":29},"end":{"line":49,"column":59}},"line":49}},"branchMap":{"0":{"loc":{"start":{"line":34,"column":44},"end":{"line":34,"column":56}},"type":"default-arg","locations":[{"start":{"line":34,"column":55},"end":{"line":34,"column":56}}],"line":34},"1":{"loc":{"start":{"line":44,"column":2},"end":{"line":47,"column":3}},"type":"if","locations":[{"start":{"line":44,"column":2},"end":{"line":47,"column":3}},{"start":{},"end":{}}],"line":44},"2":{"loc":{"start":{"line":49,"column":2},"end":{"line":52,"column":3}},"type":"if","locations":[{"start":{"line":49,"column":2},"end":{"line":52,"column":3}},{"start":{},"end":{}}],"line":49},"3":{"loc":{"start":{"line":65,"column":4},"end":{"line":71,"column":5}},"type":"if","locations":[{"start":{"line":65,"column":4},"end":{"line":71,"column":5}},{"start":{"line":69,"column":11},"end":{"line":71,"column":5}}],"line":65},"4":{"loc":{"start":{"line":65,"column":8},"end":{"line":65,"column":43}},"type":"binary-expr","locations":[{"start":{"line":65,"column":8},"end":{"line":65,"column":25}},{"start":{"line":65,"column":29},"end":{"line":65,"column":43}}],"line":65}},"s":{"0":1,"1":1,"2":18,"3":18,"4":18,"5":18,"6":18,"7":1,"8":9,"9":9,"10":9,"11":9,"12":9,"13":9,"14":9,"15":9,"16":9,"17":1,"18":18,"19":18,"20":18,"21":54,"22":54,"23":18,"24":1,"25":4,"26":0,"27":0,"28":4,"29":10,"30":1,"31":1,"32":3,"33":3,"34":3,"35":9,"36":9,"37":1,"38":8,"39":2,"40":2,"41":2,"42":2,"43":2,"44":2,"45":2,"46":2,"47":2,"48":1,"49":1},"f":{"0":18,"1":9,"2":18,"3":4,"4":10},"b":{"0":[9],"1":[0,4],"2":[1,3],"3":[1,8],"4":[9,1]},"_coverageSchema":"1a1c01bbd47fc00a2c39e90264f33305004495a9","hash":"781bd9eddd3827c2590ada6c1fae41dface142d0"}
}
