TN:
SF:kramar-method.js
FN:6,(anonymous_0)
FN:18,(anonymous_1)
FN:34,(anonymous_2)
FN:43,(anonymous_3)
FN:49,(anonymous_4)
FNF:5
FNH:5
FNDA:18,(anonymous_0)
FNDA:9,(anonymous_1)
FNDA:18,(anonymous_2)
FNDA:4,(anonymous_3)
FNDA:10,(anonymous_4)
DA:4,1
DA:6,1
DA:7,18
DA:8,18
DA:9,18
DA:11,18
DA:15,18
DA:18,1
DA:19,9
DA:20,9
DA:22,9
DA:23,9
DA:25,9
DA:26,9
DA:28,9
DA:29,9
DA:31,9
DA:34,1
DA:35,18
DA:36,18
DA:37,54
DA:38,54
DA:40,18
DA:43,1
DA:44,4
DA:45,0
DA:46,0
DA:49,10
DA:50,1
DA:51,1
DA:54,3
DA:61,3
DA:63,3
DA:64,9
DA:65,9
DA:66,1
DA:70,8
DA:73,2
DA:74,2
DA:75,2
DA:77,2
DA:78,2
DA:79,2
DA:80,2
DA:81,2
DA:83,2
DA:86,1
DA:92,1
LF:48
LH:46
BRDA:34,0,0,9
BRDA:44,1,0,0
BRDA:44,1,1,4
BRDA:49,2,0,1
BRDA:49,2,1,3
BRDA:65,3,0,1
BRDA:65,3,1,8
BRDA:65,4,0,9
BRDA:65,4,1,1
BRF:9
BRH:8
end_of_record
